#
# A fatal error has been detected by the Java Runtime Environment:
#
#  SIGSEGV (0xb) at pc=0x0000000110e462c8, pid=7551, tid=17155
#
# JRE version: Java(TM) SE Runtime Environment (8.0_74-b02) (build 1.8.0_74-b02)
# Java VM: Java HotSpot(TM) 64-Bit Server VM (25.74-b02 mixed mode bsd-amd64 compressed oops)
# Problematic frame:
# V  [libjvm.dylib+0x4462c8]
#
# Failed to write core dump. Core dumps have been disabled. To enable core dumping, try "ulimit -c unlimited" before starting Java again
#
# If you would like to submit a bug report, please visit:
#   http://bugreport.java.com/bugreport/crash.jsp
#

---------------  T H R E A D  ---------------

Current thread (0x00007fd0ec00b000):  JavaThread "JDWP Transport Listener: dt_socket" daemon [_thread_in_vm, id=17155, stack(0x0000700000b3b000,0x0000700000c3b000)]

siginfo: si_signo: 11 (SIGSEGV), si_code: 0 (unknown), si_addr: 0x0000000000000000

Registers:
RAX=0x0000000000000001, RBX=0x0000700000c3aa8b, RCX=0x0000000111215340, RDX=0x0000700000c3aa8b
RSP=0x0000700000c3a9d0, RBP=0x0000700000c3a9e0, RSI=0x00007fd0ec00b000, RDI=0x3b003b003b746e65
R8 =0x0000000000000001, R9 =0x0000000000000000, R10=0x0000000000000002, R11=0x00007fd0ed000000
R12=0x00007fd0ec00b000, R13=0x3b003b003b746e65, R14=0x3b003b003b746e65, R15=0x00007fd0ead14570
RIP=0x0000000110e462c8, EFLAGS=0x0000000000010206, ERR=0x0000000000000000
  TRAPNO=0x000000000000000d

Top of Stack: (sp=0x0000700000c3a9d0)
0x0000700000c3a9d0:   0000700000c3aa8b 0000700000c3aa8b
0x0000700000c3a9e0:   0000700000c3aa40 0000000110d552fe
0x0000700000c3a9f0:   00007fd0ec00b000 0000000000000000
0x0000700000c3aa00:   0000000000000000 0000000000000000
0x0000700000c3aa10:   00007fd0ec00b000 00007fd0ec00b000
0x0000700000c3aa20:   0000700000c3aa8b 0000700000c3aa90
0x0000700000c3aa30:   3b003b003b746e65 0000000000000004
0x0000700000c3aa40:   0000700000c3aa60 000000011012f780
0x0000700000c3aa50:   0000000000000001 0000700000c3ab08
0x0000700000c3aa60:   0000700000c3aad0 00000001101141f3
0x0000700000c3aa70:   0000700000c3aaa0 00007fd0f328aac0
0x0000700000c3aa80:   0000000500000032 0000000100c3ab08
0x0000700000c3aa90:   0000000000000000 0000000000000000
0x0000700000c3aaa0:   0000000000000000 0000700000c3ac90
0x0000700000c3aab0:   0000000110136e7a 00007fd0eafe9730
0x0000700000c3aac0:   0000700000c3ab08 0000000110142598
0x0000700000c3aad0:   0000700000c3aae0 00000001101142ec
0x0000700000c3aae0:   0000700000c3ad00 000000011011d898
0x0000700000c3aaf0:   00000fdb00000013 00000000000f0200
0x0000700000c3ab00:   00007fd0ed735400 00007fd0f328b403
0x0000700000c3ab10:   00007fd000000255 00007fd0ed47aae0
0x0000700000c3ab20:   000000000000012c 0000700000c3ab58
0x0000700000c3ab30:   00007fd0ed47aae0 0000000000000000
0x0000700000c3ab40:   00000fdb0000001c 00007fff0000f380
0x0000700000c3ab50:   0000700000c3ab58 d07f000005000000
0x0000700000c3ab60:   06000000b833edea 00003e74696e693c
0x0000700000c3ab70:   0000005629280300 7f00000100000000
0x0000700000c3ab80:   000000c833edead0 654272657a6f640f
0x0000700000c3ab90:   72657070614d6e61 6f4c292814000000
0x0000700000c3aba0:   72657a6f642f6772 3b72657070614d2f
0x0000700000c3abb0:   0100000000000000 d033edead07f0000
0x0000700000c3abc0:   747365720c000000 6574616c706d6554 

Instructions: (pc=0x0000000110e462c8)
0x0000000110e462a8:   40 48 48 85 c0 75 e0 30 c0 0f b6 c0 5d c3 31 c0
0x0000000110e462b8:   5d c3 55 48 89 e5 53 48 83 ec 08 48 85 ff 74 24
0x0000000110e462c8:   48 8b 1f 48 85 db 74 1c 48 83 fb 37 74 16 48 8b
0x0000000110e462d8:   03 48 89 df ff 50 10 84 c0 b8 00 00 00 00 48 0f 

Register to memory mapping:

RAX=0x0000000000000001 is an unknown value
RBX=0x0000700000c3aa8b is pointing into the stack for thread: 0x00007fd0ec00b000
RCX=0x0000000111215340: UseMembar+0 in /Library/Java/JavaVirtualMachines/jdk1.8.0_74.jdk/Contents/Home/jre/lib/server/libjvm.dylib at 0x0000000110a00000
RDX=0x0000700000c3aa8b is pointing into the stack for thread: 0x00007fd0ec00b000
RSP=0x0000700000c3a9d0 is pointing into the stack for thread: 0x00007fd0ec00b000
RBP=0x0000700000c3a9e0 is pointing into the stack for thread: 0x00007fd0ec00b000
RSI=0x00007fd0ec00b000 is a thread
RDI=0x3b003b003b746e65 is an unknown value
R8 =0x0000000000000001 is an unknown value
R9 =0x0000000000000000 is an unknown value
R10=0x0000000000000002 is an unknown value
R11=0x00007fd0ed000000 is an unknown value
R12=0x00007fd0ec00b000 is a thread
R13=0x3b003b003b746e65 is an unknown value
R14=0x3b003b003b746e65 is an unknown value
R15=0x00007fd0ead14570 is an unknown value


Stack: [0x0000700000b3b000,0x0000700000c3b000],  sp=0x0000700000c3a9d0,  free space=1022k
Native frames: (J=compiled Java code, j=interpreted, Vv=VM code, C=native code)
V  [libjvm.dylib+0x4462c8]
V  [libjvm.dylib+0x3552fe]
C  [libjdwp.dylib+0x20780]  isMethodSynthetic+0x63
C  [libjdwp.dylib+0x51f3]  methods1+0x10b
C  [libjdwp.dylib+0x52ec]  methodsWithGeneric+0xe
C  [libjdwp.dylib+0xe898]  debugLoop_run+0x1ce
C  [libjdwp.dylib+0x1f6ba]  attachThread+0x4d
V  [libjvm.dylib+0x39665c]
V  [libjvm.dylib+0x560e03]
V  [libjvm.dylib+0x5624fe]
V  [libjvm.dylib+0x482eda]
C  [libsystem_pthread.dylib+0x3c13]  _pthread_body+0x83
C  [libsystem_pthread.dylib+0x3b90]  _pthread_body+0x0
C  [libsystem_pthread.dylib+0x1375]  thread_start+0xd
C  0x0000000000000000


---------------  P R O C E S S  ---------------

Java Threads: ( => current thread )
  0x00007fd0f1cdf000 JavaThread "Tomcat JDBC Pool Cleaner[1579764252:1458085234411]" daemon [_thread_blocked, id=23311, stack(0x000070000175f000,0x000070000185f000)]
  0x00007fd0f125b800 JavaThread "container-0" [_thread_blocked, id=22023, stack(0x000070000165c000,0x000070000175c000)]
  0x00007fd0f1e41000 JavaThread "ContainerBackgroundProcessor[StandardEngine[Tomcat].StandardHost[localhost].StandardContext[]]" daemon [_thread_blocked, id=13835, stack(0x0000700001559000,0x0000700001659000)]
  0x00007fd0edabb000 JavaThread "main" [_thread_blocked, id=21251, stack(0x0000700001353000,0x0000700001453000)]
  0x00007fd0ec850800 JavaThread "Service Thread" daemon [_thread_blocked, id=20227, stack(0x000070000114d000,0x000070000124d000)]
  0x00007fd0eb024000 JavaThread "C1 CompilerThread2" daemon [_thread_blocked, id=19715, stack(0x000070000104a000,0x000070000114a000)]
  0x00007fd0eb025000 JavaThread "C2 CompilerThread1" daemon [_thread_blocked, id=19203, stack(0x0000700000f47000,0x0000700001047000)]
  0x00007fd0eb82c000 JavaThread "C2 CompilerThread0" daemon [_thread_blocked, id=18691, stack(0x0000700000e44000,0x0000700000f44000)]
  0x00007fd0eb023800 JavaThread "JDWP Command Reader" daemon [_thread_in_native, id=18179, stack(0x0000700000d41000,0x0000700000e41000)]
  0x00007fd0eb02e800 JavaThread "JDWP Event Helper Thread" daemon [_thread_blocked, id=17667, stack(0x0000700000c3e000,0x0000700000d3e000)]
=>0x00007fd0ec00b000 JavaThread "JDWP Transport Listener: dt_socket" daemon [_thread_in_vm, id=17155, stack(0x0000700000b3b000,0x0000700000c3b000)]
  0x00007fd0eb800800 JavaThread "Signal Dispatcher" daemon [_thread_blocked, id=12815, stack(0x0000700000a38000,0x0000700000b38000)]
  0x00007fd0eb013800 JavaThread "Finalizer" daemon [_thread_blocked, id=12291, stack(0x000070000082f000,0x000070000092f000)]
  0x00007fd0eb011000 JavaThread "Reference Handler" daemon [_thread_blocked, id=11779, stack(0x000070000072c000,0x000070000082c000)]
  0x00007fd0eb808800 JavaThread "main" [_thread_blocked, id=5891, stack(0x000070000011a000,0x000070000021a000)]

Other Threads:
  0x00007fd0eb818000 VMThread [stack: 0x0000700000629000,0x0000700000729000] [id=11267]
  0x00007fd0ec00e000 WatcherThread [stack: 0x0000700001250000,0x0000700001350000] [id=20739]

VM state:not at safepoint (normal execution)

VM Mutex/Monitor currently owned by a thread: None

Heap:
 PSYoungGen      total 258048K, used 26905K [0x0000000795580000, 0x00000007a9580000, 0x00000007c0000000)
  eden space 232960K, 10% used [0x0000000795580000,0x0000000796da4498,0x00000007a3900000)
  from space 25088K, 8% used [0x00000007a3900000,0x00000007a3b21fd0,0x00000007a5180000)
  to   space 25600K, 0% used [0x00000007a7c80000,0x00000007a7c80000,0x00000007a9580000)
 ParOldGen       total 175104K, used 56178K [0x0000000740000000, 0x000000074ab00000, 0x0000000795580000)
  object space 175104K, 32% used [0x0000000740000000,0x00000007436dc9f0,0x000000074ab00000)
 Metaspace       used 59374K, capacity 60252K, committed 60632K, reserved 1101824K
  class space    used 7322K, capacity 7567K, committed 7680K, reserved 1048576K

Card table byte_map: [0x0000000120d4f000,0x0000000121150000] byte_map_base: 0x000000011d34f000

Marking Bits: (ParMarkBitMap*) 0x00000001112e3ea0
 Begin Bits: [0x00000001213fb000, 0x00000001233fb000)
 End Bits:   [0x00000001233fb000, 0x00000001253fb000)

Polling page: 0x000000011010e000

CodeCache: size=245760Kb used=22284Kb max_used=22509Kb free=223475Kb
 bounds [0x000000011198f000, 0x0000000112fff000, 0x000000012098f000]
 total_blobs=6860 nmethods=6313 adapters=468
 compilation: enabled

Compilation events (10 events):
Event: 259.176 Thread 0x00007fd0eb82c000 nmethod 7710% 0x0000000112241e10 code [0x00000001122420c0, 0x0000000112243d30]
Event: 259.182 Thread 0x00007fd0eb82c000 7711   !   4       org.springframework.core.io.support.PathMatchingResourcePatternResolver::doFindPathMatchingJarResources (433 bytes)
Event: 259.483 Thread 0x00007fd0eb025000 nmethod 7703 0x0000000112b711d0 code [0x0000000112b717c0, 0x0000000112b78b68]
Event: 259.483 Thread 0x00007fd0eb025000 7712       4       org.springframework.util.AntPathMatcher::match (9 bytes)
Event: 259.484 Thread 0x00007fd0eb025000 nmethod 7712 0x00000001128f4a90 code [0x00000001128f4be0, 0x00000001128f4c88]
Event: 259.985 Thread 0x00007fd0eb82c000 nmethod 7711 0x0000000112fd4250 code [0x0000000112fd5180, 0x0000000112fe3488]
Event: 297.369 Thread 0x00007fd0eb025000 7713       4       java.util.ArrayDeque::poll (5 bytes)
Event: 297.370 Thread 0x00007fd0eb025000 nmethod 7713 0x000000011240ea90 code [0x000000011240ebe0, 0x000000011240ecd8]
Event: 297.370 Thread 0x00007fd0eb82c000 7714       4       java.util.HashMap::removeNode (291 bytes)
Event: 297.378 Thread 0x00007fd0eb82c000 nmethod 7714 0x00000001120675d0 code [0x0000000112067760, 0x0000000112067e98]

GC Heap History (10 events):
Event: 8.670 GC heap before
{Heap before GC invocations=10 (full 2):
 PSYoungGen      total 214016K, used 16967K [0x0000000795580000, 0x00000007a4580000, 0x00000007c0000000)
  eden space 195072K, 0% used [0x0000000795580000,0x0000000795580000,0x00000007a1400000)
  from space 18944K, 89% used [0x00000007a2880000,0x00000007a3911d28,0x00000007a3b00000)
  to   space 20992K, 0% used [0x00000007a1400000,0x00000007a1400000,0x00000007a2880000)
 ParOldGen       total 75264K, used 30331K [0x0000000740000000, 0x0000000744980000, 0x0000000795580000)
  object space 75264K, 40% used [0x0000000740000000,0x0000000741d9eed0,0x0000000744980000)
 Metaspace       used 34682K, capacity 35304K, committed 35456K, reserved 1081344K
  class space    used 4199K, capacity 4393K, committed 4480K, reserved 1048576K
Event: 8.875 GC heap after
Heap after GC invocations=10 (full 2):
 PSYoungGen      total 214016K, used 0K [0x0000000795580000, 0x00000007a4580000, 0x00000007c0000000)
  eden space 195072K, 0% used [0x0000000795580000,0x0000000795580000,0x00000007a1400000)
  from space 18944K, 0% used [0x00000007a2880000,0x00000007a2880000,0x00000007a3b00000)
  to   space 20992K, 0% used [0x00000007a1400000,0x00000007a1400000,0x00000007a2880000)
 ParOldGen       total 125952K, used 36207K [0x0000000740000000, 0x0000000747b00000, 0x0000000795580000)
  object space 125952K, 28% used [0x0000000740000000,0x000000074235bd28,0x0000000747b00000)
 Metaspace       used 34682K, capacity 35304K, committed 35456K, reserved 1081344K
  class space    used 4199K, capacity 4393K, committed 4480K, reserved 1048576K
}
Event: 18.652 GC heap before
{Heap before GC invocations=11 (full 2):
 PSYoungGen      total 214016K, used 195072K [0x0000000795580000, 0x00000007a4580000, 0x00000007c0000000)
  eden space 195072K, 100% used [0x0000000795580000,0x00000007a1400000,0x00000007a1400000)
  from space 18944K, 0% used [0x00000007a2880000,0x00000007a2880000,0x00000007a3b00000)
  to   space 20992K, 0% used [0x00000007a1400000,0x00000007a1400000,0x00000007a2880000)
 ParOldGen       total 125952K, used 36207K [0x0000000740000000, 0x0000000747b00000, 0x0000000795580000)
  object space 125952K, 28% used [0x0000000740000000,0x000000074235bd28,0x0000000747b00000)
 Metaspace       used 41841K, capacity 42568K, committed 42752K, reserved 1087488K
  class space    used 5163K, capacity 5369K, committed 5376K, reserved 1048576K
Event: 18.678 GC heap after
Heap after GC invocations=11 (full 2):
 PSYoungGen      total 216064K, used 14768K [0x0000000795580000, 0x00000007a6900000, 0x00000007c0000000)
  eden space 195072K, 0% used [0x0000000795580000,0x0000000795580000,0x00000007a1400000)
  from space 20992K, 70% used [0x00000007a1400000,0x00000007a226c378,0x00000007a2880000)
  to   space 21504K, 0% used [0x00000007a5400000,0x00000007a5400000,0x00000007a6900000)
 ParOldGen       total 125952K, used 36215K [0x0000000740000000, 0x0000000747b00000, 0x0000000795580000)
  object space 125952K, 28% used [0x0000000740000000,0x000000074235dd28,0x0000000747b00000)
 Metaspace       used 41841K, capacity 42568K, committed 42752K, reserved 1087488K
  class space    used 5163K, capacity 5369K, committed 5376K, reserved 1048576K
}
Event: 27.155 GC heap before
{Heap before GC invocations=12 (full 2):
 PSYoungGen      total 216064K, used 197621K [0x0000000795580000, 0x00000007a6900000, 0x00000007c0000000)
  eden space 195072K, 93% used [0x0000000795580000,0x00000007a0811320,0x00000007a1400000)
  from space 20992K, 70% used [0x00000007a1400000,0x00000007a226c378,0x00000007a2880000)
  to   space 21504K, 0% used [0x00000007a5400000,0x00000007a5400000,0x00000007a6900000)
 ParOldGen       total 125952K, used 36215K [0x0000000740000000, 0x0000000747b00000, 0x0000000795580000)
  object space 125952K, 28% used [0x0000000740000000,0x000000074235dd28,0x0000000747b00000)
 Metaspace       used 58014K, capacity 58830K, committed 59096K, reserved 1101824K
  class space    used 7139K, capacity 7390K, committed 7424K, reserved 1048576K
Event: 27.197 GC heap after
Heap after GC invocations=12 (full 2):
 PSYoungGen      total 254464K, used 21493K [0x0000000795580000, 0x00000007a6a00000, 0x00000007c0000000)
  eden space 232960K, 0% used [0x0000000795580000,0x0000000795580000,0x00000007a3900000)
  from space 21504K, 99% used [0x00000007a5400000,0x00000007a68fd580,0x00000007a6900000)
  to   space 25088K, 0% used [0x00000007a3900000,0x00000007a3900000,0x00000007a5180000)
 ParOldGen       total 125952K, used 39128K [0x0000000740000000, 0x0000000747b00000, 0x0000000795580000)
  object space 125952K, 31% used [0x0000000740000000,0x00000007426360c0,0x0000000747b00000)
 Metaspace       used 58014K, capacity 58830K, committed 59096K, reserved 1101824K
  class space    used 7139K, capacity 7390K, committed 7424K, reserved 1048576K
}
Event: 27.197 GC heap before
{Heap before GC invocations=13 (full 3):
 PSYoungGen      total 254464K, used 21493K [0x0000000795580000, 0x00000007a6a00000, 0x00000007c0000000)
  eden space 232960K, 0% used [0x0000000795580000,0x0000000795580000,0x00000007a3900000)
  from space 21504K, 99% used [0x00000007a5400000,0x00000007a68fd580,0x00000007a6900000)
  to   space 25088K, 0% used [0x00000007a3900000,0x00000007a3900000,0x00000007a5180000)
 ParOldGen       total 125952K, used 39128K [0x0000000740000000, 0x0000000747b00000, 0x0000000795580000)
  object space 125952K, 31% used [0x0000000740000000,0x00000007426360c0,0x0000000747b00000)
 Metaspace       used 58014K, capacity 58830K, committed 59096K, reserved 1101824K
  class space    used 7139K, capacity 7390K, committed 7424K, reserved 1048576K
Event: 27.498 GC heap after
Heap after GC invocations=13 (full 3):
 PSYoungGen      total 254464K, used 0K [0x0000000795580000, 0x00000007a6a00000, 0x00000007c0000000)
  eden space 232960K, 0% used [0x0000000795580000,0x0000000795580000,0x00000007a3900000)
  from space 21504K, 0% used [0x00000007a5400000,0x00000007a5400000,0x00000007a6900000)
  to   space 25088K, 0% used [0x00000007a3900000,0x00000007a3900000,0x00000007a5180000)
 ParOldGen       total 175104K, used 56170K [0x0000000740000000, 0x000000074ab00000, 0x0000000795580000)
  object space 175104K, 32% used [0x0000000740000000,0x00000007436da9f0,0x000000074ab00000)
 Metaspace       used 58014K, capacity 58830K, committed 59096K, reserved 1101824K
  class space    used 7139K, capacity 7390K, committed 7424K, reserved 1048576K
}
Event: 297.361 GC heap before
{Heap before GC invocations=14 (full 3):
 PSYoungGen      total 254464K, used 232960K [0x0000000795580000, 0x00000007a6a00000, 0x00000007c0000000)
  eden space 232960K, 100% used [0x0000000795580000,0x00000007a3900000,0x00000007a3900000)
  from space 21504K, 0% used [0x00000007a5400000,0x00000007a5400000,0x00000007a6900000)
  to   space 25088K, 0% used [0x00000007a3900000,0x00000007a3900000,0x00000007a5180000)
 ParOldGen       total 175104K, used 56170K [0x0000000740000000, 0x000000074ab00000, 0x0000000795580000)
  object space 175104K, 32% used [0x0000000740000000,0x00000007436da9f0,0x000000074ab00000)
 Metaspace       used 59071K, capacity 59866K, committed 60248K, reserved 1101824K
  class space    used 7276K, capacity 7520K, committed 7552K, reserved 1048576K
Event: 297.366 GC heap after
Heap after GC invocations=14 (full 3):
 PSYoungGen      total 258048K, used 2183K [0x0000000795580000, 0x00000007a9580000, 0x00000007c0000000)
  eden space 232960K, 0% used [0x0000000795580000,0x0000000795580000,0x00000007a3900000)
  from space 25088K, 8% used [0x00000007a3900000,0x00000007a3b21fd0,0x00000007a5180000)
  to   space 25600K, 0% used [0x00000007a7c80000,0x00000007a7c80000,0x00000007a9580000)
 ParOldGen       total 175104K, used 56178K [0x0000000740000000, 0x000000074ab00000, 0x0000000795580000)
  object space 175104K, 32% used [0x0000000740000000,0x00000007436dc9f0,0x000000074ab00000)
 Metaspace       used 59071K, capacity 59866K, committed 60248K, reserved 1101824K
  class space    used 7276K, capacity 7520K, committed 7552K, reserved 1048576K
}

Deoptimization events (10 events):
Event: 27.664 Thread 0x00007fd0edabb000 Uncommon trap: reason=unhandled action=none pc=0x0000000111f2afdc method=java.net.URLClassLoader.findClass(Ljava/lang/String;)Ljava/lang/Class; @ 44
Event: 27.664 Thread 0x00007fd0edabb000 Uncommon trap: reason=unhandled action=none pc=0x0000000111f2afdc method=java.net.URLClassLoader.findClass(Ljava/lang/String;)Ljava/lang/Class; @ 44
Event: 27.665 Thread 0x00007fd0edabb000 Uncommon trap: reason=unhandled action=none pc=0x0000000111f2afdc method=java.net.URLClassLoader.findClass(Ljava/lang/String;)Ljava/lang/Class; @ 44
Event: 27.665 Thread 0x00007fd0edabb000 Uncommon trap: reason=unhandled action=none pc=0x0000000111f2afdc method=java.net.URLClassLoader.findClass(Ljava/lang/String;)Ljava/lang/Class; @ 44
Event: 27.665 Thread 0x00007fd0edabb000 Uncommon trap: reason=unhandled action=none pc=0x0000000111f2afdc method=java.net.URLClassLoader.findClass(Ljava/lang/String;)Ljava/lang/Class; @ 44
Event: 55.030 Thread 0x00007fd0f1e41000 Uncommon trap: reason=unhandled action=none pc=0x0000000111f2afdc method=java.net.URLClassLoader.findClass(Ljava/lang/String;)Ljava/lang/Class; @ 44
Event: 55.030 Thread 0x00007fd0f1e41000 Uncommon trap: reason=unhandled action=none pc=0x0000000111f2afdc method=java.net.URLClassLoader.findClass(Ljava/lang/String;)Ljava/lang/Class; @ 44
Event: 55.032 Thread 0x00007fd0f1e41000 Uncommon trap: reason=unhandled action=none pc=0x0000000111f2afdc method=java.net.URLClassLoader.findClass(Ljava/lang/String;)Ljava/lang/Class; @ 44
Event: 55.032 Thread 0x00007fd0f1e41000 Uncommon trap: reason=unhandled action=none pc=0x0000000111f2afdc method=java.net.URLClassLoader.findClass(Ljava/lang/String;)Ljava/lang/Class; @ 44
Event: 80.489 Thread 0x00007fd0edabb000 Uncommon trap: reason=unstable_if action=reinterpret pc=0x0000000112957824 method=java.util.zip.ZipEntry.setExtra0([BZ)V @ 32

Internal exceptions (10 events):
Event: 27.621 Thread 0x00007fd0edabb000 Exception <a 'java/lang/ArrayIndexOutOfBoundsException': 22> (0x0000000795fe35c8) thrown at [/Users/java_re/workspace/8-2-build-macosx-x86_64/jdk8u74/6087/hotspot/src/share/vm/interpreter/interpreterRuntime.cpp, line 366]
Event: 27.621 Thread 0x00007fd0edabb000 Exception <a 'java/lang/ClassNotFoundException': org/springframework/context/event/EventListenerMethodProcessorCustomizer> (0x0000000795ffda30) thrown at [/Users/java_re/workspace/8-2-build-macosx-x86_64/jdk8u74/6087/hotspot/src/share/vm/classfile/systemD
Event: 27.623 Thread 0x00007fd0edabb000 Exception <a 'java/lang/ClassNotFoundException': java/lang/ObjectCustomizer> (0x000000079600d970) thrown at [/Users/java_re/workspace/8-2-build-macosx-x86_64/jdk8u74/6087/hotspot/src/share/vm/classfile/systemDictionary.cpp, line 210]
Event: 27.624 Thread 0x00007fd0edabb000 Exception <a 'java/lang/ClassNotFoundException': org/springframework/context/event/DefaultEventListenerFactoryCustomizer> (0x0000000796029a68) thrown at [/Users/java_re/workspace/8-2-build-macosx-x86_64/jdk8u74/6087/hotspot/src/share/vm/classfile/systemDi
Event: 27.624 Thread 0x00007fd0edabb000 Exception <a 'java/lang/ArrayIndexOutOfBoundsException': 118> (0x000000079602ce18) thrown at [/Users/java_re/workspace/8-2-build-macosx-x86_64/jdk8u74/6087/hotspot/src/share/vm/interpreter/interpreterRuntime.cpp, line 366]
Event: 27.626 Thread 0x00007fd0edabb000 Exception <a 'java/lang/ClassNotFoundException': java/lang/ObjectCustomizer> (0x000000079603cdb0) thrown at [/Users/java_re/workspace/8-2-build-macosx-x86_64/jdk8u74/6087/hotspot/src/share/vm/classfile/systemDictionary.cpp, line 210]
Event: 27.627 Thread 0x00007fd0edabb000 Exception <a 'java/lang/ClassNotFoundException': org/w00tdevs/project/sonarviewer/SpringBootApplicationCustomizer> (0x0000000796057530) thrown at [/Users/java_re/workspace/8-2-build-macosx-x86_64/jdk8u74/6087/hotspot/src/share/vm/classfile/systemDictionar
Event: 27.629 Thread 0x00007fd0edabb000 Exception <a 'java/lang/ClassNotFoundException': java/lang/ObjectCustomizer> (0x000000079606a2d8) thrown at [/Users/java_re/workspace/8-2-build-macosx-x86_64/jdk8u74/6087/hotspot/src/share/vm/classfile/systemDictionary.cpp, line 210]
Event: 27.630 Thread 0x00007fd0edabb000 Exception <a 'java/lang/ClassNotFoundException': org/w00tdevs/project/sonarviewer/dozer/ListTransformerCustomizer> (0x0000000796084ab8) thrown at [/Users/java_re/workspace/8-2-build-macosx-x86_64/jdk8u74/6087/hotspot/src/share/vm/classfile/systemDictionar
Event: 27.630 Thread 0x00007fd0edabb000 Exception <a 'java/lang/ArrayIndexOutOfBoundsException': 108> (0x0000000796086e78) thrown at [/Users/java_re/workspace/8-2-build-macosx-x86_64/jdk8u74/6087/hotspot/src/share/vm/interpreter/interpreterRuntime.cpp, line 366]

Events (10 events):
Event: 325.359 Executing VM operation: GetOrSetLocal
Event: 325.359 Executing VM operation: GetOrSetLocal done
Event: 325.359 Executing VM operation: GetOrSetLocal
Event: 325.359 Executing VM operation: GetOrSetLocal done
Event: 325.370 Executing VM operation: GetOrSetLocal
Event: 325.370 Executing VM operation: GetOrSetLocal done
Event: 325.371 Executing VM operation: GetOrSetLocal
Event: 325.371 Executing VM operation: GetOrSetLocal done
Event: 343.995 Executing VM operation: RedefineClasses
Event: 344.043 Executing VM operation: RedefineClasses done


Dynamic libraries:
0x0000000000493000 	/System/Library/Frameworks/Cocoa.framework/Versions/A/Cocoa
0x0000000000493000 	/System/Library/Frameworks/Security.framework/Versions/A/Security
0x0000000000493000 	/System/Library/Frameworks/ApplicationServices.framework/Versions/A/ApplicationServices
0x0000000000493000 	/usr/lib/libz.1.dylib
0x0000000000493000 	/usr/lib/libSystem.B.dylib
0x0000000000493000 	/usr/lib/libobjc.A.dylib
0x0000000000493000 	/System/Library/Frameworks/CoreFoundation.framework/Versions/A/CoreFoundation
0x0000000000493000 	/System/Library/Frameworks/Foundation.framework/Versions/C/Foundation
0x0000000000493000 	/System/Library/Frameworks/AppKit.framework/Versions/C/AppKit
0x0000000000493000 	/System/Library/Frameworks/CoreData.framework/Versions/A/CoreData
0x0000000000493000 	/System/Library/PrivateFrameworks/RemoteViewServices.framework/Versions/A/RemoteViewServices
0x0000000000493000 	/System/Library/PrivateFrameworks/UIFoundation.framework/Versions/A/UIFoundation
0x0000000000493000 	/usr/lib/libScreenReader.dylib
0x0000000000493000 	/System/Library/Frameworks/Accelerate.framework/Versions/A/Accelerate
0x0000000000493000 	/System/Library/Frameworks/IOSurface.framework/Versions/A/IOSurface
0x0000000000493000 	/System/Library/Frameworks/AudioToolbox.framework/Versions/A/AudioToolbox
0x0000000000493000 	/System/Library/Frameworks/AudioUnit.framework/Versions/A/AudioUnit
0x0000000000493000 	/System/Library/PrivateFrameworks/DataDetectorsCore.framework/Versions/A/DataDetectorsCore
0x0000000000493000 	/System/Library/PrivateFrameworks/DesktopServicesPriv.framework/Versions/A/DesktopServicesPriv
0x0000000000493000 	/System/Library/Frameworks/Carbon.framework/Versions/A/Frameworks/HIToolbox.framework/Versions/A/HIToolbox
0x0000000000493000 	/System/Library/Frameworks/QuartzCore.framework/Versions/A/QuartzCore
0x0000000000493000 	/System/Library/Frameworks/Carbon.framework/Versions/A/Frameworks/SpeechRecognition.framework/Versions/A/SpeechRecognition
0x0000000000493000 	/usr/lib/libauto.dylib
0x0000000000493000 	/usr/lib/libicucore.A.dylib
0x0000000000493000 	/usr/lib/libxml2.2.dylib
0x0000000000493000 	/System/Library/PrivateFrameworks/CoreUI.framework/Versions/A/CoreUI
0x0000000000493000 	/System/Library/Frameworks/CoreAudio.framework/Versions/A/CoreAudio
0x0000000000493000 	/System/Library/Frameworks/DiskArbitration.framework/Versions/A/DiskArbitration
0x0000000000493000 	/usr/lib/liblangid.dylib
0x0000000000493000 	/System/Library/PrivateFrameworks/MultitouchSupport.framework/Versions/A/MultitouchSupport
0x0000000000493000 	/System/Library/Frameworks/IOKit.framework/Versions/A/IOKit
0x0000000000493000 	/usr/lib/libDiagnosticMessagesClient.dylib
0x0000000000493000 	/System/Library/Frameworks/CoreServices.framework/Versions/A/CoreServices
0x0000000000493000 	/System/Library/PrivateFrameworks/PerformanceAnalysis.framework/Versions/A/PerformanceAnalysis
0x0000000000493000 	/System/Library/PrivateFrameworks/GenerationalStorage.framework/Versions/A/GenerationalStorage
0x0000000000493000 	/System/Library/Frameworks/OpenGL.framework/Versions/A/OpenGL
0x0000000000493000 	/System/Library/PrivateFrameworks/Sharing.framework/Versions/A/Sharing
0x0000000000493000 	/System/Library/Frameworks/CoreGraphics.framework/Versions/A/CoreGraphics
0x0000000000493000 	/System/Library/Frameworks/CoreImage.framework/Versions/A/CoreImage
0x0000000000493000 	/System/Library/Frameworks/CoreText.framework/Versions/A/CoreText
0x0000000000493000 	/System/Library/Frameworks/ImageIO.framework/Versions/A/ImageIO
0x0000000000493000 	/System/Library/PrivateFrameworks/Backup.framework/Versions/A/Backup
0x0000000000493000 	/usr/lib/libextension.dylib
0x0000000000493000 	/usr/lib/libarchive.2.dylib
0x0000000000493000 	/System/Library/Frameworks/CFNetwork.framework/Versions/A/CFNetwork
0x0000000000493000 	/System/Library/Frameworks/SystemConfiguration.framework/Versions/A/SystemConfiguration
0x0000000000493000 	/usr/lib/libCRFSuite.dylib
0x0000000000493000 	/usr/lib/libc++.1.dylib
0x0000000000493000 	/usr/lib/libc++abi.dylib
0x0000000000493000 	/usr/lib/system/libcache.dylib
0x0000000000493000 	/usr/lib/system/libcommonCrypto.dylib
0x0000000000493000 	/usr/lib/system/libcompiler_rt.dylib
0x0000000000493000 	/usr/lib/system/libcopyfile.dylib
0x0000000000493000 	/usr/lib/system/libcorecrypto.dylib
0x0000000000493000 	/usr/lib/system/libdispatch.dylib
0x0000000000493000 	/usr/lib/system/libdyld.dylib
0x0000000000493000 	/usr/lib/system/libkeymgr.dylib
0x0000000000493000 	/usr/lib/system/liblaunch.dylib
0x0000000000493000 	/usr/lib/system/libmacho.dylib
0x0000000000493000 	/usr/lib/system/libquarantine.dylib
0x0000000000493000 	/usr/lib/system/libremovefile.dylib
0x0000000000493000 	/usr/lib/system/libsystem_asl.dylib
0x0000000000493000 	/usr/lib/system/libsystem_blocks.dylib
0x0000000000493000 	/usr/lib/system/libsystem_c.dylib
0x0000000000493000 	/usr/lib/system/libsystem_configuration.dylib
0x0000000000493000 	/usr/lib/system/libsystem_coreservices.dylib
0x0000000000493000 	/usr/lib/system/libsystem_coretls.dylib
0x0000000000493000 	/usr/lib/system/libsystem_dnssd.dylib
0x0000000000493000 	/usr/lib/system/libsystem_info.dylib
0x0000000000493000 	/usr/lib/system/libsystem_kernel.dylib
0x0000000000493000 	/usr/lib/system/libsystem_m.dylib
0x0000000000493000 	/usr/lib/system/libsystem_malloc.dylib
0x0000000000493000 	/usr/lib/system/libsystem_network.dylib
0x0000000000493000 	/usr/lib/system/libsystem_networkextension.dylib
0x0000000000493000 	/usr/lib/system/libsystem_notify.dylib
0x0000000000493000 	/usr/lib/system/libsystem_platform.dylib
0x0000000000493000 	/usr/lib/system/libsystem_pthread.dylib
0x0000000000493000 	/usr/lib/system/libsystem_sandbox.dylib
0x0000000000493000 	/usr/lib/system/libsystem_secinit.dylib
0x0000000000493000 	/usr/lib/system/libsystem_trace.dylib
0x0000000000493000 	/usr/lib/system/libunc.dylib
0x0000000000493000 	/usr/lib/system/libunwind.dylib
0x0000000000493000 	/usr/lib/system/libxpc.dylib
0x0000000000493000 	/usr/lib/libenergytrace.dylib
0x0000000000493000 	/usr/lib/libbsm.0.dylib
0x0000000000493000 	/usr/lib/system/libkxld.dylib
0x0000000000493000 	/usr/lib/libxar.1.dylib
0x0000000000493000 	/usr/lib/libsqlite3.dylib
0x0000000000493000 	/usr/lib/libpam.2.dylib
0x0000000000493000 	/usr/lib/libOpenScriptingUtil.dylib
0x0000000000493000 	/usr/lib/libbz2.1.0.dylib
0x0000000000493000 	/usr/lib/liblzma.5.dylib
0x0000000000493000 	/System/Library/Frameworks/CoreServices.framework/Versions/A/Frameworks/FSEvents.framework/Versions/A/FSEvents
0x0000000000493000 	/System/Library/Frameworks/CoreServices.framework/Versions/A/Frameworks/CarbonCore.framework/Versions/A/CarbonCore
0x0000000000493000 	/System/Library/Frameworks/CoreServices.framework/Versions/A/Frameworks/Metadata.framework/Versions/A/Metadata
0x0000000000493000 	/System/Library/Frameworks/CoreServices.framework/Versions/A/Frameworks/OSServices.framework/Versions/A/OSServices
0x0000000000493000 	/System/Library/Frameworks/CoreServices.framework/Versions/A/Frameworks/SearchKit.framework/Versions/A/SearchKit
0x0000000000493000 	/System/Library/Frameworks/CoreServices.framework/Versions/A/Frameworks/AE.framework/Versions/A/AE
0x0000000000493000 	/System/Library/Frameworks/CoreServices.framework/Versions/A/Frameworks/LaunchServices.framework/Versions/A/LaunchServices
0x0000000000493000 	/System/Library/Frameworks/CoreServices.framework/Versions/A/Frameworks/DictionaryServices.framework/Versions/A/DictionaryServices
0x0000000000493000 	/System/Library/Frameworks/CoreServices.framework/Versions/A/Frameworks/SharedFileList.framework/Versions/A/SharedFileList
0x0000000000493000 	/System/Library/Frameworks/NetFS.framework/Versions/A/NetFS
0x0000000000493000 	/System/Library/PrivateFrameworks/NetAuth.framework/Versions/A/NetAuth
0x0000000000493000 	/System/Library/PrivateFrameworks/login.framework/Versions/A/Frameworks/loginsupport.framework/Versions/A/loginsupport
0x0000000000493000 	/System/Library/PrivateFrameworks/TCC.framework/Versions/A/TCC
0x0000000000493000 	/usr/lib/libmecabra.dylib
0x0000000000493000 	/System/Library/Frameworks/ApplicationServices.framework/Versions/A/Frameworks/ATS.framework/Versions/A/ATS
0x0000000000493000 	/System/Library/Frameworks/ApplicationServices.framework/Versions/A/Frameworks/ColorSync.framework/Versions/A/ColorSync
0x0000000000493000 	/System/Library/Frameworks/ApplicationServices.framework/Versions/A/Frameworks/HIServices.framework/Versions/A/HIServices
0x0000000000493000 	/System/Library/Frameworks/ApplicationServices.framework/Versions/A/Frameworks/LangAnalysis.framework/Versions/A/LangAnalysis
0x0000000000493000 	/System/Library/Frameworks/ApplicationServices.framework/Versions/A/Frameworks/PrintCore.framework/Versions/A/PrintCore
0x0000000000493000 	/System/Library/Frameworks/ApplicationServices.framework/Versions/A/Frameworks/QD.framework/Versions/A/QD
0x0000000000493000 	/System/Library/Frameworks/ApplicationServices.framework/Versions/A/Frameworks/SpeechSynthesis.framework/Versions/A/SpeechSynthesis
0x0000000000493000 	/System/Library/Frameworks/Metal.framework/Versions/A/Metal
0x0000000000493000 	/System/Library/Frameworks/Accelerate.framework/Versions/A/Frameworks/vImage.framework/Versions/A/vImage
0x0000000000493000 	/System/Library/Frameworks/Accelerate.framework/Versions/A/Frameworks/vecLib.framework/Versions/A/vecLib
0x0000000000493000 	/System/Library/Frameworks/Accelerate.framework/Versions/A/Frameworks/vecLib.framework/Versions/A/libvDSP.dylib
0x0000000000493000 	/System/Library/Frameworks/Accelerate.framework/Versions/A/Frameworks/vecLib.framework/Versions/A/libvMisc.dylib
0x0000000000493000 	/System/Library/Frameworks/Accelerate.framework/Versions/A/Frameworks/vecLib.framework/Versions/A/libLAPACK.dylib
0x0000000000493000 	/System/Library/Frameworks/Accelerate.framework/Versions/A/Frameworks/vecLib.framework/Versions/A/libBLAS.dylib
0x0000000000493000 	/System/Library/Frameworks/Accelerate.framework/Versions/A/Frameworks/vecLib.framework/Versions/A/libLinearAlgebra.dylib
0x0000000000493000 	/System/Library/Frameworks/Accelerate.framework/Versions/A/Frameworks/vecLib.framework/Versions/A/libSparseBLAS.dylib
0x0000000000493000 	/System/Library/PrivateFrameworks/GPUCompiler.framework/libmetal_timestamp.dylib
0x0000000000493000 	/System/Library/Frameworks/OpenGL.framework/Versions/A/Libraries/libCoreFSCache.dylib
0x0000000000493000 	/System/Library/PrivateFrameworks/IOAccelerator.framework/Versions/A/IOAccelerator
0x0000000000493000 	/System/Library/Frameworks/ApplicationServices.framework/Versions/A/Frameworks/ATS.framework/Versions/A/Resources/libFontParser.dylib
0x0000000000493000 	/System/Library/Frameworks/ApplicationServices.framework/Versions/A/Frameworks/ATS.framework/Versions/A/Resources/libFontRegistry.dylib
0x0000000000493000 	/System/Library/PrivateFrameworks/AppleVPA.framework/Versions/A/AppleVPA
0x0000000000493000 	/System/Library/PrivateFrameworks/AppleJPEG.framework/Versions/A/AppleJPEG
0x0000000000493000 	/System/Library/Frameworks/ImageIO.framework/Versions/A/Resources/libJPEG.dylib
0x0000000000493000 	/System/Library/Frameworks/ImageIO.framework/Versions/A/Resources/libTIFF.dylib
0x0000000000493000 	/System/Library/Frameworks/ImageIO.framework/Versions/A/Resources/libPng.dylib
0x0000000000493000 	/System/Library/Frameworks/ImageIO.framework/Versions/A/Resources/libGIF.dylib
0x0000000000493000 	/System/Library/Frameworks/ImageIO.framework/Versions/A/Resources/libJP2.dylib
0x0000000000493000 	/System/Library/Frameworks/ImageIO.framework/Versions/A/Resources/libRadiance.dylib
0x0000000000493000 	/System/Library/Frameworks/CoreVideo.framework/Versions/A/CoreVideo
0x0000000000493000 	/System/Library/Frameworks/OpenGL.framework/Versions/A/Libraries/libGLU.dylib
0x0000000000493000 	/System/Library/Frameworks/OpenGL.framework/Versions/A/Libraries/libGFXShared.dylib
0x0000000000493000 	/System/Library/Frameworks/OpenGL.framework/Versions/A/Libraries/libGL.dylib
0x0000000000493000 	/System/Library/Frameworks/OpenGL.framework/Versions/A/Libraries/libGLImage.dylib
0x0000000000493000 	/System/Library/Frameworks/OpenGL.framework/Versions/A/Libraries/libCVMSPluginSupport.dylib
0x0000000000493000 	/System/Library/Frameworks/OpenGL.framework/Versions/A/Libraries/libCoreVMClient.dylib
0x0000000000493000 	/usr/lib/libcups.2.dylib
0x0000000000493000 	/System/Library/Frameworks/Kerberos.framework/Versions/A/Kerberos
0x0000000000493000 	/System/Library/Frameworks/GSS.framework/Versions/A/GSS
0x0000000000493000 	/usr/lib/libresolv.9.dylib
0x0000000000493000 	/usr/lib/libiconv.2.dylib
0x0000000000493000 	/System/Library/PrivateFrameworks/Heimdal.framework/Versions/A/Heimdal
0x0000000000493000 	/usr/lib/libheimdal-asn1.dylib
0x0000000000493000 	/System/Library/Frameworks/OpenDirectory.framework/Versions/A/OpenDirectory
0x0000000000493000 	/System/Library/PrivateFrameworks/CommonAuth.framework/Versions/A/CommonAuth
0x0000000000493000 	/System/Library/Frameworks/OpenDirectory.framework/Versions/A/Frameworks/CFOpenDirectory.framework/Versions/A/CFOpenDirectory
0x0000000000493000 	/System/Library/Frameworks/SecurityFoundation.framework/Versions/A/SecurityFoundation
0x0000000000493000 	/System/Library/PrivateFrameworks/LanguageModeling.framework/Versions/A/LanguageModeling
0x0000000000493000 	/usr/lib/libmarisa.dylib
0x0000000000493000 	/usr/lib/libChineseTokenizer.dylib
0x0000000000493000 	/usr/lib/libcmph.dylib
0x0000000000493000 	/usr/lib/libcompression.dylib
0x0000000000493000 	/System/Library/Frameworks/ServiceManagement.framework/Versions/A/ServiceManagement
0x0000000000493000 	/usr/lib/libxslt.1.dylib
0x0000000000493000 	/System/Library/Frameworks/Carbon.framework/Versions/A/Frameworks/Ink.framework/Versions/A/Ink
0x0000000000493000 	/usr/lib/libFosl_dynamic.dylib
0x0000000000493000 	/System/Library/PrivateFrameworks/FaceCore.framework/Versions/A/FaceCore
0x0000000000493000 	/System/Library/Frameworks/OpenCL.framework/Versions/A/OpenCL
0x0000000000493000 	/System/Library/PrivateFrameworks/CrashReporterSupport.framework/Versions/A/CrashReporterSupport
0x0000000000493000 	/System/Library/PrivateFrameworks/IconServices.framework/Versions/A/IconServices
0x0000000000493000 	/System/Library/PrivateFrameworks/Apple80211.framework/Versions/A/Apple80211
0x0000000000493000 	/System/Library/Frameworks/CoreWLAN.framework/Versions/A/CoreWLAN
0x0000000000493000 	/System/Library/Frameworks/IOBluetooth.framework/Versions/A/IOBluetooth
0x0000000000493000 	/System/Library/PrivateFrameworks/CoreWiFi.framework/Versions/A/CoreWiFi
0x0000000000493000 	/System/Library/Frameworks/CoreBluetooth.framework/Versions/A/CoreBluetooth
0x0000000000493000 	/System/Library/PrivateFrameworks/ChunkingLibrary.framework/Versions/A/ChunkingLibrary
0x0000000000493000 	/System/Library/PrivateFrameworks/DebugSymbols.framework/Versions/A/DebugSymbols
0x0000000000493000 	/System/Library/PrivateFrameworks/CoreSymbolication.framework/Versions/A/CoreSymbolication
0x0000000000493000 	/System/Library/PrivateFrameworks/Symbolication.framework/Versions/A/Symbolication
0x0000000000493000 	/System/Library/PrivateFrameworks/SpeechRecognitionCore.framework/Versions/A/SpeechRecognitionCore
0x0000000110a00000 	/Library/Java/JavaVirtualMachines/jdk1.8.0_74.jdk/Contents/Home/jre/lib/server/libjvm.dylib
0x0000000000493000 	/usr/lib/libstdc++.6.dylib
0x00000001100cb000 	/Library/Java/JavaVirtualMachines/jdk1.8.0_74.jdk/Contents/Home/jre/lib/libverify.dylib
0x00000001100d9000 	/Library/Java/JavaVirtualMachines/jdk1.8.0_74.jdk/Contents/Home/jre/lib/libjava.dylib
0x000000011010f000 	/Library/Java/JavaVirtualMachines/jdk1.8.0_74.jdk/Contents/Home/jre/lib/libjdwp.dylib
0x000000011015a000 	/Library/Java/JavaVirtualMachines/jdk1.8.0_74.jdk/Contents/Home/jre/lib/libnpt.dylib
0x0000000110167000 	/Library/Java/JavaVirtualMachines/jdk1.8.0_74.jdk/Contents/Home/jre/lib/libzip.dylib
0x00000001101e1000 	/System/Library/Frameworks/JavaVM.framework/Frameworks/JavaRuntimeSupport.framework/JavaRuntimeSupport
0x0000000127281000 	/System/Library/Frameworks/JavaVM.framework/Versions/A/Frameworks/JavaNativeFoundation.framework/Versions/A/JavaNativeFoundation
0x0000000127296000 	/System/Library/Frameworks/JavaVM.framework/Versions/A/JavaVM
0x0000000000493000 	/System/Library/Frameworks/Carbon.framework/Versions/A/Carbon
0x00000001272a3000 	/System/Library/PrivateFrameworks/JavaLaunching.framework/Versions/A/JavaLaunching
0x0000000000493000 	/System/Library/Frameworks/Carbon.framework/Versions/A/Frameworks/CommonPanels.framework/Versions/A/CommonPanels
0x0000000000493000 	/System/Library/Frameworks/Carbon.framework/Versions/A/Frameworks/Help.framework/Versions/A/Help
0x0000000000493000 	/System/Library/Frameworks/Carbon.framework/Versions/A/Frameworks/ImageCapture.framework/Versions/A/ImageCapture
0x0000000000493000 	/System/Library/Frameworks/Carbon.framework/Versions/A/Frameworks/OpenScripting.framework/Versions/A/OpenScripting
0x0000000000493000 	/System/Library/Frameworks/Carbon.framework/Versions/A/Frameworks/Print.framework/Versions/A/Print
0x0000000000493000 	/System/Library/Frameworks/Carbon.framework/Versions/A/Frameworks/SecurityHI.framework/Versions/A/SecurityHI
0x0000000128bc0000 	/Library/Java/JavaVirtualMachines/jdk1.8.0_74.jdk/Contents/Home/jre/lib/libdt_socket.dylib
0x0000000128de9000 	/Library/Java/JavaVirtualMachines/jdk1.8.0_74.jdk/Contents/Home/jre/lib/libnet.dylib
0x0000000129130000 	/Library/Java/JavaVirtualMachines/jdk1.8.0_74.jdk/Contents/Home/jre/lib/libnio.dylib
0x0000000128d08000 	/Library/Java/JavaVirtualMachines/jdk1.8.0_74.jdk/Contents/Home/jre/lib/libmanagement.dylib

VM Arguments:
jvm_args: -agentlib:jdwp=transport=dt_socket,suspend=y,address=localhost:51706 -Dmaven.home=/opt/apache-maven-3.3.9 -Dclassworlds.conf=/Users/Alberto/workspace/.metadata/.plugins/org.eclipse.m2e.launching/launches/m2conf9110210155035188071.tmp -Dmaven.multiModuleProjectDirectory=/Users/Alberto/angularProjects/sonarViewer/java/sonarviewer-parent/sonarviewer-app -Dfile.encoding=UTF-8 
java_command: org.codehaus.plexus.classworlds.launcher.Launcher -B -s /Users/Alberto/.m2/settings.xml spring-boot:run
java_class_path (initial): /opt/apache-maven-3.3.9/boot/plexus-classworlds-2.5.2.jar
Launcher Type: SUN_STANDARD

Environment Variables:
PATH=/usr/bin:/bin:/usr/sbin:/sbin
SHELL=/bin/bash

Signal Handlers:
SIGSEGV: [libjvm.dylib+0x5a6855], sa_mask[0]=11111111011111110111111111111111, sa_flags=SA_ONSTACK|SA_RESTART|SA_SIGINFO
SIGBUS: [libjvm.dylib+0x5a6855], sa_mask[0]=11111111011111110111111111111111, sa_flags=SA_RESTART|SA_SIGINFO
SIGFPE: [libjvm.dylib+0x4804ec], sa_mask[0]=11111111011111110111111111111111, sa_flags=SA_RESTART|SA_SIGINFO
SIGPIPE: [libjvm.dylib+0x4804ec], sa_mask[0]=11111111011111110111111111111111, sa_flags=SA_RESTART|SA_SIGINFO
SIGXFSZ: [libjvm.dylib+0x4804ec], sa_mask[0]=11111111011111110111111111111111, sa_flags=SA_RESTART|SA_SIGINFO
SIGILL: [libjvm.dylib+0x4804ec], sa_mask[0]=11111111011111110111111111111111, sa_flags=SA_RESTART|SA_SIGINFO
SIGUSR1: SIG_DFL, sa_mask[0]=00000000000000000000000000000000, sa_flags=none
SIGUSR2: [libjvm.dylib+0x48000a], sa_mask[0]=00100000000000000000000000000000, sa_flags=SA_RESTART|SA_SIGINFO
SIGHUP: [libjvm.dylib+0x47e5e1], sa_mask[0]=11111111011111110111111111111111, sa_flags=SA_RESTART|SA_SIGINFO
SIGINT: [libjvm.dylib+0x47e5e1], sa_mask[0]=11111111011111110111111111111111, sa_flags=SA_RESTART|SA_SIGINFO
SIGTERM: [libjvm.dylib+0x47e5e1], sa_mask[0]=11111111011111110111111111111111, sa_flags=SA_RESTART|SA_SIGINFO
SIGQUIT: [libjvm.dylib+0x47e5e1], sa_mask[0]=11111111011111110111111111111111, sa_flags=SA_RESTART|SA_SIGINFO


---------------  S Y S T E M  ---------------

OS:Bsduname:Darwin 15.3.0 Darwin Kernel Version 15.3.0: Thu Dec 10 18:40:58 PST 2015; root:xnu-3248.30.4~1/RELEASE_X86_64 x86_64
rlimit: STACK 8192k, CORE 0k, NPROC 709, NOFILE 10240, AS infinity
load average:3.08 2.54 2.25

CPU:total 4 (2 cores per cpu, 2 threads per core) family 6 model 42 stepping 7, cmov, cx8, fxsr, mmx, sse, sse2, sse3, ssse3, sse4.1, sse4.2, popcnt, avx, aes, clmul, ht, tsc, tscinvbit

Memory: 4k page, physical 8388608k(30968k free)

/proc/meminfo:


vm_info: Java HotSpot(TM) 64-Bit Server VM (25.74-b02) for bsd-amd64 JRE (1.8.0_74-b02), built on Jan 29 2016 15:32:34 by "java_re" with gcc 4.2.1 (Based on Apple Inc. build 5658) (LLVM build 2336.11.00)

time: Wed Mar 16 00:45:53 2016
elapsed time: 344 seconds (0d 0h 5m 44s)

